<?xml version="1.0" encoding="UTF-8"?>
<testsuite xmlns:xsi="http://www.w3.org/2001/XMLSchema-instance" xsi:noNamespaceSchemaLocation="https://maven.apache.org/surefire/maven-surefire-plugin/xsd/surefire-test-report-3.0.xsd" version="3.0" name="TestSuite" time="28.68" tests="3" errors="0" skipped="0" failures="3">
  <properties>
[...]
</properties>
  <testcase name="titleCheck" classname="rahulshettyacademy.TestDemo" time="13.494">
    <failure message="expected [true] but found [false]" type="java.lang.AssertionError"><![CDATA[java.lang.AssertionError: expected [true] but found [false]
	at rahulshettyacademy.TestDemo.titleCheck(TestDemo.java:20)
]]></failure>
    <system-err><![CDATA[Oct 28, 2023 11:01:31 AM org.openqa.selenium.remote.tracing.opentelemetry.OpenTelemetryTracer createTracer
INFO: Using OpenTelemetry for tracing
]]></system-err>
  </testcase>
  <testcase name="titleCheck" classname="rahulshettyacademy.TestDemo" time="15.43">
    <failure message="expected [true] but found [false]" type="java.lang.AssertionError"><![CDATA[java.lang.AssertionError: expected [true] but found [false]
	at rahulshettyacademy.TestDemo.titleCheck(TestDemo.java:20)
]]></failure>
  </testcase>
  <testcase name="titleCheck" classname="rahulshettyacademy.TestDemo" time="25.248">
    <failure message="expected [true] but found [false]" type="java.lang.AssertionError"><![CDATA[java.lang.AssertionError: expected [true] but found [false]
	at rahulshettyacademy.TestDemo.titleCheck(TestDemo.java:20)
]]></failure>
  </testcase>
</testsuite>